2024-10-18 08:37:56 [restartedMain] INFO  com.example.DKI.DkiApplication - Starting DkiApplication using Java 22.0.1 with PID 4260 (D:\AKU\CODING KERJA\DKI\target\classes started by user in D:\AKU\CODING KERJA\DKI)
2024-10-18 08:37:56 [restartedMain] INFO  com.example.DKI.DkiApplication - No active profile set, falling back to 1 default profile: "default"
2024-10-18 08:37:57 [restartedMain] INFO  org.springframework.boot.devtools.env.DevToolsPropertyDefaultsPostProcessor - Devtools property defaults active! Set 'spring.devtools.add-properties' to 'false' to disable
2024-10-18 08:37:57 [restartedMain] INFO  org.springframework.boot.devtools.env.DevToolsPropertyDefaultsPostProcessor - For additional web related logging consider setting the 'logging.level.web' property to 'DEBUG'
2024-10-18 08:37:58 [restartedMain] INFO  org.springframework.data.repository.config.RepositoryConfigurationDelegate - Bootstrapping Spring Data JPA repositories in DEFAULT mode.
2024-10-18 08:37:58 [restartedMain] INFO  org.springframework.data.repository.config.RepositoryConfigurationDelegate - Finished Spring Data repository scanning in 18 ms. Found 0 JPA repository interfaces.
2024-10-18 08:37:59 [restartedMain] INFO  org.springframework.boot.web.embedded.tomcat.TomcatWebServer - Tomcat initialized with port 8080 (http)
2024-10-18 08:37:59 [restartedMain] INFO  org.apache.coyote.http11.Http11NioProtocol - Initializing ProtocolHandler ["http-nio-8080"]
2024-10-18 08:37:59 [restartedMain] INFO  org.apache.catalina.core.StandardService - Starting service [Tomcat]
2024-10-18 08:37:59 [restartedMain] INFO  org.apache.catalina.core.StandardEngine - Starting Servlet engine: [Apache Tomcat/10.1.30]
2024-10-18 08:37:59 [restartedMain] INFO  org.apache.catalina.core.ContainerBase.[Tomcat].[localhost].[/] - Initializing Spring embedded WebApplicationContext
2024-10-18 08:37:59 [restartedMain] INFO  org.springframework.boot.web.servlet.context.ServletWebServerApplicationContext - Root WebApplicationContext: initialization completed in 2146 ms
2024-10-18 08:37:59 [restartedMain] INFO  com.zaxxer.hikari.HikariDataSource - HikariPool-1 - Starting...
2024-10-18 08:38:00 [restartedMain] INFO  com.zaxxer.hikari.pool.HikariPool - HikariPool-1 - Added connection org.postgresql.jdbc.PgConnection@2145006b
2024-10-18 08:38:00 [restartedMain] INFO  com.zaxxer.hikari.HikariDataSource - HikariPool-1 - Start completed.
2024-10-18 08:38:00 [restartedMain] INFO  org.flywaydb.core.FlywayExecutor - Database: jdbc:postgresql://localhost:5432/java_bank_dki (PostgreSQL 16.2)
2024-10-18 08:38:00 [restartedMain] INFO  org.flywaydb.core.internal.command.DbValidate - Successfully validated 2 migrations (execution time 00:00.104s)
2024-10-18 08:38:00 [restartedMain] INFO  org.flywaydb.core.internal.command.DbMigrate - Current version of schema "public": 3
2024-10-18 08:38:00 [restartedMain] ERROR org.flywaydb.core.internal.command.DbMigrate - Schema "public" has version 3, but no migration could be resolved in the configured locations !
2024-10-18 08:38:00 [restartedMain] INFO  org.flywaydb.core.internal.command.DbMigrate - Schema "public" is up to date. No migration necessary.
2024-10-18 08:38:01 [restartedMain] INFO  org.hibernate.jpa.internal.util.LogHelper - HHH000204: Processing PersistenceUnitInfo [name: default]
2024-10-18 08:38:01 [restartedMain] INFO  org.hibernate.Version - HHH000412: Hibernate ORM core version 6.5.3.Final
2024-10-18 08:38:01 [restartedMain] INFO  org.hibernate.cache.internal.RegionFactoryInitiator - HHH000026: Second-level cache disabled
2024-10-18 08:38:02 [restartedMain] INFO  org.springframework.orm.jpa.persistenceunit.SpringPersistenceUnitInfo - No LoadTimeWeaver setup: ignoring JPA class transformer
2024-10-18 08:38:02 [restartedMain] WARN  org.hibernate.orm.deprecation - HHH90000025: PostgreSQLDialect does not need to be specified explicitly using 'hibernate.dialect' (remove the property setting and it will be selected by default)
2024-10-18 08:38:03 [restartedMain] INFO  org.hibernate.engine.transaction.jta.platform.internal.JtaPlatformInitiator - HHH000489: No JTA platform available (set 'hibernate.transaction.jta.platform' to enable JTA platform integration)
2024-10-18 08:38:03 [restartedMain] INFO  org.springframework.orm.jpa.LocalContainerEntityManagerFactoryBean - Initialized JPA EntityManagerFactory for persistence unit 'default'
2024-10-18 08:38:04 [restartedMain] INFO  org.springframework.security.config.annotation.authentication.configuration.InitializeAuthenticationProviderBeanManagerConfigurer$InitializeAuthenticationProviderManagerConfigurer - Global AuthenticationManager configured with AuthenticationProvider bean with name authenticationProvider
2024-10-18 08:38:04 [restartedMain] WARN  org.springframework.security.config.annotation.authentication.configuration.InitializeUserDetailsBeanManagerConfigurer$InitializeUserDetailsManagerConfigurer - Global AuthenticationManager configured with an AuthenticationProvider bean. UserDetailsService beans will not be used for username/password login. Consider removing the AuthenticationProvider bean. Alternatively, consider using the UserDetailsService in a manually instantiated DaoAuthenticationProvider.
2024-10-18 08:38:04 [restartedMain] WARN  org.springframework.boot.autoconfigure.orm.jpa.JpaBaseConfiguration$JpaWebConfiguration - spring.jpa.open-in-view is enabled by default. Therefore, database queries may be performed during view rendering. Explicitly configure spring.jpa.open-in-view to disable this warning
2024-10-18 08:38:04 [restartedMain] INFO  org.springframework.boot.devtools.autoconfigure.OptionalLiveReloadServer - LiveReload server is running on port 35729
2024-10-18 08:38:04 [restartedMain] INFO  org.apache.coyote.http11.Http11NioProtocol - Starting ProtocolHandler ["http-nio-8080"]
2024-10-18 08:38:04 [restartedMain] INFO  org.springframework.boot.web.embedded.tomcat.TomcatWebServer - Tomcat started on port 8080 (http) with context path '/'
2024-10-18 08:38:04 [restartedMain] INFO  com.example.DKI.DkiApplication - Started DkiApplication in 8.479 seconds (process running for 10.645)
2024-10-18 08:38:52 [SpringApplicationShutdownHook] INFO  org.springframework.orm.jpa.LocalContainerEntityManagerFactoryBean - Closing JPA EntityManagerFactory for persistence unit 'default'
2024-10-18 08:38:52 [SpringApplicationShutdownHook] INFO  com.zaxxer.hikari.HikariDataSource - HikariPool-1 - Shutdown initiated...
2024-10-18 08:38:52 [SpringApplicationShutdownHook] INFO  com.zaxxer.hikari.HikariDataSource - HikariPool-1 - Shutdown completed.
2024-10-18 08:41:43 [restartedMain] INFO  com.example.DKI.DkiApplication - Starting DkiApplication using Java 22.0.1 with PID 1600 (D:\AKU\CODING KERJA\DKI\target\classes started by user in D:\AKU\CODING KERJA\DKI)
2024-10-18 08:41:43 [restartedMain] INFO  com.example.DKI.DkiApplication - No active profile set, falling back to 1 default profile: "default"
2024-10-18 08:41:43 [restartedMain] INFO  org.springframework.boot.devtools.env.DevToolsPropertyDefaultsPostProcessor - Devtools property defaults active! Set 'spring.devtools.add-properties' to 'false' to disable
2024-10-18 08:41:43 [restartedMain] INFO  org.springframework.boot.devtools.env.DevToolsPropertyDefaultsPostProcessor - For additional web related logging consider setting the 'logging.level.web' property to 'DEBUG'
2024-10-18 08:41:44 [restartedMain] INFO  org.springframework.data.repository.config.RepositoryConfigurationDelegate - Bootstrapping Spring Data JPA repositories in DEFAULT mode.
2024-10-18 08:41:44 [restartedMain] INFO  org.springframework.data.repository.config.RepositoryConfigurationDelegate - Finished Spring Data repository scanning in 25 ms. Found 0 JPA repository interfaces.
2024-10-18 08:41:46 [restartedMain] INFO  org.springframework.boot.web.embedded.tomcat.TomcatWebServer - Tomcat initialized with port 8080 (http)
2024-10-18 08:41:46 [restartedMain] INFO  org.apache.coyote.http11.Http11NioProtocol - Initializing ProtocolHandler ["http-nio-8080"]
2024-10-18 08:41:46 [restartedMain] INFO  org.apache.catalina.core.StandardService - Starting service [Tomcat]
2024-10-18 08:41:46 [restartedMain] INFO  org.apache.catalina.core.StandardEngine - Starting Servlet engine: [Apache Tomcat/10.1.30]
2024-10-18 08:41:46 [restartedMain] INFO  org.apache.catalina.core.ContainerBase.[Tomcat].[localhost].[/] - Initializing Spring embedded WebApplicationContext
2024-10-18 08:41:46 [restartedMain] INFO  org.springframework.boot.web.servlet.context.ServletWebServerApplicationContext - Root WebApplicationContext: initialization completed in 2600 ms
2024-10-18 08:41:46 [restartedMain] INFO  com.zaxxer.hikari.HikariDataSource - HikariPool-1 - Starting...
2024-10-18 08:41:47 [restartedMain] INFO  com.zaxxer.hikari.pool.HikariPool - HikariPool-1 - Added connection org.postgresql.jdbc.PgConnection@1ca24198
2024-10-18 08:41:47 [restartedMain] INFO  com.zaxxer.hikari.HikariDataSource - HikariPool-1 - Start completed.
2024-10-18 08:41:47 [restartedMain] INFO  org.flywaydb.core.FlywayExecutor - Database: jdbc:postgresql://localhost:5432/java_bank_dki (PostgreSQL 16.2)
2024-10-18 08:41:47 [restartedMain] INFO  org.flywaydb.core.internal.command.DbValidate - Successfully validated 2 migrations (execution time 00:00.030s)
2024-10-18 08:41:47 [restartedMain] INFO  org.flywaydb.core.internal.command.DbMigrate - Current version of schema "public": 3
2024-10-18 08:41:47 [restartedMain] ERROR org.flywaydb.core.internal.command.DbMigrate - Schema "public" has version 3, but no migration could be resolved in the configured locations !
2024-10-18 08:41:47 [restartedMain] INFO  org.flywaydb.core.internal.command.DbMigrate - Schema "public" is up to date. No migration necessary.
2024-10-18 08:41:47 [restartedMain] INFO  org.hibernate.jpa.internal.util.LogHelper - HHH000204: Processing PersistenceUnitInfo [name: default]
2024-10-18 08:41:47 [restartedMain] INFO  org.hibernate.Version - HHH000412: Hibernate ORM core version 6.5.3.Final
2024-10-18 08:41:48 [restartedMain] INFO  org.hibernate.cache.internal.RegionFactoryInitiator - HHH000026: Second-level cache disabled
2024-10-18 08:41:48 [restartedMain] INFO  org.springframework.orm.jpa.persistenceunit.SpringPersistenceUnitInfo - No LoadTimeWeaver setup: ignoring JPA class transformer
2024-10-18 08:41:48 [restartedMain] WARN  org.hibernate.orm.deprecation - HHH90000025: PostgreSQLDialect does not need to be specified explicitly using 'hibernate.dialect' (remove the property setting and it will be selected by default)
2024-10-18 08:41:50 [restartedMain] INFO  org.hibernate.engine.transaction.jta.platform.internal.JtaPlatformInitiator - HHH000489: No JTA platform available (set 'hibernate.transaction.jta.platform' to enable JTA platform integration)
2024-10-18 08:41:50 [restartedMain] INFO  org.springframework.orm.jpa.LocalContainerEntityManagerFactoryBean - Initialized JPA EntityManagerFactory for persistence unit 'default'
2024-10-18 08:41:50 [restartedMain] INFO  org.springframework.security.config.annotation.authentication.configuration.InitializeAuthenticationProviderBeanManagerConfigurer$InitializeAuthenticationProviderManagerConfigurer - Global AuthenticationManager configured with AuthenticationProvider bean with name authenticationProvider
2024-10-18 08:41:50 [restartedMain] WARN  org.springframework.security.config.annotation.authentication.configuration.InitializeUserDetailsBeanManagerConfigurer$InitializeUserDetailsManagerConfigurer - Global AuthenticationManager configured with an AuthenticationProvider bean. UserDetailsService beans will not be used for username/password login. Consider removing the AuthenticationProvider bean. Alternatively, consider using the UserDetailsService in a manually instantiated DaoAuthenticationProvider.
2024-10-18 08:41:50 [restartedMain] WARN  org.springframework.boot.autoconfigure.orm.jpa.JpaBaseConfiguration$JpaWebConfiguration - spring.jpa.open-in-view is enabled by default. Therefore, database queries may be performed during view rendering. Explicitly configure spring.jpa.open-in-view to disable this warning
2024-10-18 08:41:51 [restartedMain] INFO  org.springframework.boot.devtools.autoconfigure.OptionalLiveReloadServer - LiveReload server is running on port 35729
2024-10-18 08:41:51 [restartedMain] INFO  org.apache.coyote.http11.Http11NioProtocol - Starting ProtocolHandler ["http-nio-8080"]
2024-10-18 08:41:51 [restartedMain] INFO  org.springframework.boot.web.embedded.tomcat.TomcatWebServer - Tomcat started on port 8080 (http) with context path '/'
2024-10-18 08:41:51 [restartedMain] INFO  com.example.DKI.DkiApplication - Started DkiApplication in 8.667 seconds (process running for 11.058)
2024-10-18 08:41:57 [http-nio-8080-exec-1] INFO  org.apache.catalina.core.ContainerBase.[Tomcat].[localhost].[/] - Initializing Spring DispatcherServlet 'dispatcherServlet'
2024-10-18 08:41:57 [http-nio-8080-exec-1] INFO  org.springframework.web.servlet.DispatcherServlet - Initializing Servlet 'dispatcherServlet'
2024-10-18 08:41:57 [http-nio-8080-exec-1] INFO  org.springframework.web.servlet.DispatcherServlet - Completed initialization in 1 ms
2024-10-18 08:46:07 [http-nio-8080-exec-4] INFO  com.example.DKI.filter.LoggingFilter - Incoming Request: [Method: POST, URI: /auth/login, Parameters: username=admin, password=admin, ]
2024-10-18 08:46:07 [http-nio-8080-exec-4] INFO  com.example.DKI.filter.LoggingFilter - Outgoing Response: [Status: 401, Body: {"status":"failed","message":"Invalid username or password","data":null}]
2024-10-18 08:46:39 [http-nio-8080-exec-5] INFO  com.example.DKI.filter.LoggingFilter - Incoming Request: [Method: POST, URI: /auth/login, Parameters: username=admin, password=password, ]
2024-10-18 08:46:40 [http-nio-8080-exec-5] INFO  com.example.DKI.filter.LoggingFilter - Outgoing Response: [Status: 200, Body: {"status":"success","message":"Login successful","data":"eyJhbGciOiJIUzI1NiJ9.eyJzdWIiOiJhZG1pbiIsImlhdCI6MTcyOTIxNTk5OSwiZXhwIjoxNzI5MjUxOTk5fQ.LJuU-yzgFNgN512JhOb4DBdOxf5YS2_N16fJfLLERS4"}]
2024-10-18 08:57:05 [http-nio-8080-exec-1] INFO  com.example.DKI.filter.LoggingFilter - Incoming Request: [Method: POST, URI: /stocks/create, Parameters: namaBarang=cincin, jumlahStok=100, nomorSeriBarang=SN123456, additionalInfo=merah, ]
2024-10-18 08:57:06 [http-nio-8080-exec-1] WARN  org.hibernate.engine.jdbc.spi.SqlExceptionHelper - SQL Error: 0, SQLState: 22P02
2024-10-18 08:57:06 [http-nio-8080-exec-1] ERROR org.hibernate.engine.jdbc.spi.SqlExceptionHelper - ERROR: invalid input syntax for type json
  Detail: Token "merah" is invalid.
  Where: JSON data, line 1: merah
2024-10-18 08:57:06 [http-nio-8080-exec-1] INFO  com.example.DKI.filter.LoggingFilter - Outgoing Response: [Status: 400, Body: {"status":"failed","message":"An error occurred while saving the stock.","data":null}]
2024-10-18 08:58:17 [http-nio-8080-exec-3] INFO  com.example.DKI.filter.LoggingFilter - Incoming Request: [Method: POST, URI: /stocks/create, Parameters: ]
2024-10-18 08:58:17 [http-nio-8080-exec-3] INFO  com.example.DKI.filter.LoggingFilter - Outgoing Response: [Status: 400, Body: {"status":"failed","message":"Cannot invoke \"java.lang.Integer.intValue()\" because the return value of \"com.example.DKI.dto.RequestStockDTO.getJumlahStok()\" is null","data":null}]
2024-10-18 08:59:08 [SpringApplicationShutdownHook] INFO  org.springframework.orm.jpa.LocalContainerEntityManagerFactoryBean - Closing JPA EntityManagerFactory for persistence unit 'default'
2024-10-18 08:59:08 [SpringApplicationShutdownHook] INFO  com.zaxxer.hikari.HikariDataSource - HikariPool-1 - Shutdown initiated...
2024-10-18 08:59:08 [SpringApplicationShutdownHook] INFO  com.zaxxer.hikari.HikariDataSource - HikariPool-1 - Shutdown completed.
2024-10-18 09:06:44 [restartedMain] INFO  com.example.DKI.DkiApplication - Starting DkiApplication using Java 22.0.1 with PID 16776 (D:\AKU\CODING KERJA\DKI\target\classes started by user in D:\AKU\CODING KERJA\DKI)
2024-10-18 09:06:44 [restartedMain] INFO  com.example.DKI.DkiApplication - No active profile set, falling back to 1 default profile: "default"
2024-10-18 09:06:44 [restartedMain] INFO  org.springframework.boot.devtools.env.DevToolsPropertyDefaultsPostProcessor - Devtools property defaults active! Set 'spring.devtools.add-properties' to 'false' to disable
2024-10-18 09:06:44 [restartedMain] INFO  org.springframework.boot.devtools.env.DevToolsPropertyDefaultsPostProcessor - For additional web related logging consider setting the 'logging.level.web' property to 'DEBUG'
2024-10-18 09:06:45 [restartedMain] INFO  org.springframework.data.repository.config.RepositoryConfigurationDelegate - Bootstrapping Spring Data JPA repositories in DEFAULT mode.
2024-10-18 09:06:45 [restartedMain] INFO  org.springframework.data.repository.config.RepositoryConfigurationDelegate - Finished Spring Data repository scanning in 21 ms. Found 0 JPA repository interfaces.
2024-10-18 09:06:46 [restartedMain] INFO  org.springframework.boot.web.embedded.tomcat.TomcatWebServer - Tomcat initialized with port 8080 (http)
2024-10-18 09:06:46 [restartedMain] INFO  org.apache.coyote.http11.Http11NioProtocol - Initializing ProtocolHandler ["http-nio-8080"]
2024-10-18 09:06:46 [restartedMain] INFO  org.apache.catalina.core.StandardService - Starting service [Tomcat]
2024-10-18 09:06:46 [restartedMain] INFO  org.apache.catalina.core.StandardEngine - Starting Servlet engine: [Apache Tomcat/10.1.30]
2024-10-18 09:06:46 [restartedMain] INFO  org.apache.catalina.core.ContainerBase.[Tomcat].[localhost].[/] - Initializing Spring embedded WebApplicationContext
2024-10-18 09:06:46 [restartedMain] INFO  org.springframework.boot.web.servlet.context.ServletWebServerApplicationContext - Root WebApplicationContext: initialization completed in 1877 ms
2024-10-18 09:06:46 [restartedMain] INFO  com.zaxxer.hikari.HikariDataSource - HikariPool-1 - Starting...
2024-10-18 09:06:47 [restartedMain] INFO  com.zaxxer.hikari.pool.HikariPool - HikariPool-1 - Added connection org.postgresql.jdbc.PgConnection@716f178c
2024-10-18 09:06:47 [restartedMain] INFO  com.zaxxer.hikari.HikariDataSource - HikariPool-1 - Start completed.
2024-10-18 09:06:47 [restartedMain] INFO  org.flywaydb.core.FlywayExecutor - Database: jdbc:postgresql://localhost:5432/java_bank_dki (PostgreSQL 16.2)
2024-10-18 09:06:47 [restartedMain] INFO  org.flywaydb.core.internal.command.DbValidate - Successfully validated 2 migrations (execution time 00:00.026s)
2024-10-18 09:06:47 [restartedMain] INFO  org.flywaydb.core.internal.command.DbMigrate - Current version of schema "public": 3
2024-10-18 09:06:47 [restartedMain] ERROR org.flywaydb.core.internal.command.DbMigrate - Schema "public" has version 3, but no migration could be resolved in the configured locations !
2024-10-18 09:06:47 [restartedMain] INFO  org.flywaydb.core.internal.command.DbMigrate - Schema "public" is up to date. No migration necessary.
2024-10-18 09:06:47 [restartedMain] INFO  org.hibernate.jpa.internal.util.LogHelper - HHH000204: Processing PersistenceUnitInfo [name: default]
2024-10-18 09:06:47 [restartedMain] INFO  org.hibernate.Version - HHH000412: Hibernate ORM core version 6.5.3.Final
2024-10-18 09:06:47 [restartedMain] INFO  org.hibernate.cache.internal.RegionFactoryInitiator - HHH000026: Second-level cache disabled
2024-10-18 09:06:48 [restartedMain] INFO  org.springframework.orm.jpa.persistenceunit.SpringPersistenceUnitInfo - No LoadTimeWeaver setup: ignoring JPA class transformer
2024-10-18 09:06:48 [restartedMain] WARN  org.hibernate.orm.deprecation - HHH90000025: PostgreSQLDialect does not need to be specified explicitly using 'hibernate.dialect' (remove the property setting and it will be selected by default)
2024-10-18 09:06:49 [restartedMain] INFO  org.hibernate.engine.transaction.jta.platform.internal.JtaPlatformInitiator - HHH000489: No JTA platform available (set 'hibernate.transaction.jta.platform' to enable JTA platform integration)
2024-10-18 09:06:49 [restartedMain] INFO  org.springframework.orm.jpa.LocalContainerEntityManagerFactoryBean - Initialized JPA EntityManagerFactory for persistence unit 'default'
2024-10-18 09:06:49 [restartedMain] INFO  org.springframework.security.config.annotation.authentication.configuration.InitializeAuthenticationProviderBeanManagerConfigurer$InitializeAuthenticationProviderManagerConfigurer - Global AuthenticationManager configured with AuthenticationProvider bean with name authenticationProvider
2024-10-18 09:06:49 [restartedMain] WARN  org.springframework.security.config.annotation.authentication.configuration.InitializeUserDetailsBeanManagerConfigurer$InitializeUserDetailsManagerConfigurer - Global AuthenticationManager configured with an AuthenticationProvider bean. UserDetailsService beans will not be used for username/password login. Consider removing the AuthenticationProvider bean. Alternatively, consider using the UserDetailsService in a manually instantiated DaoAuthenticationProvider.
2024-10-18 09:06:49 [restartedMain] WARN  org.springframework.boot.autoconfigure.orm.jpa.JpaBaseConfiguration$JpaWebConfiguration - spring.jpa.open-in-view is enabled by default. Therefore, database queries may be performed during view rendering. Explicitly configure spring.jpa.open-in-view to disable this warning
2024-10-18 09:06:50 [restartedMain] INFO  org.springframework.boot.devtools.autoconfigure.OptionalLiveReloadServer - LiveReload server is running on port 35729
2024-10-18 09:06:50 [restartedMain] INFO  org.apache.coyote.http11.Http11NioProtocol - Starting ProtocolHandler ["http-nio-8080"]
2024-10-18 09:06:50 [restartedMain] INFO  org.springframework.boot.web.embedded.tomcat.TomcatWebServer - Tomcat started on port 8080 (http) with context path '/'
2024-10-18 09:06:50 [restartedMain] INFO  com.example.DKI.DkiApplication - Started DkiApplication in 6.249 seconds (process running for 8.403)
2024-10-18 09:06:59 [http-nio-8080-exec-1] INFO  org.apache.catalina.core.ContainerBase.[Tomcat].[localhost].[/] - Initializing Spring DispatcherServlet 'dispatcherServlet'
2024-10-18 09:06:59 [http-nio-8080-exec-1] INFO  org.springframework.web.servlet.DispatcherServlet - Initializing Servlet 'dispatcherServlet'
2024-10-18 09:06:59 [http-nio-8080-exec-1] INFO  org.springframework.web.servlet.DispatcherServlet - Completed initialization in 4 ms
2024-10-18 09:06:59 [http-nio-8080-exec-1] INFO  com.example.DKI.filter.LoggingFilter - Incoming Request: [Method: POST, URI: /stocks/create, Parameters: namaBarang=cincin, jumlahStok=100, ]
2024-10-18 09:07:00 [http-nio-8080-exec-1] WARN  org.hibernate.engine.jdbc.spi.SqlExceptionHelper - SQL Error: 0, SQLState: 23502
2024-10-18 09:07:00 [http-nio-8080-exec-1] ERROR org.hibernate.engine.jdbc.spi.SqlExceptionHelper - ERROR: null value in column "nomor_seri_barang" of relation "stocks" violates not-null constraint
  Detail: Failing row contains (1, cincin, 100, null, null, null, 2024-10-18 09:07:00.029355, 1, null, null).
2024-10-18 09:07:00 [http-nio-8080-exec-1] INFO  com.example.DKI.filter.LoggingFilter - Outgoing Response: [Status: 400, Body: {"status":"failed","message":"An error occurred while saving the stock.","data":null}]
2024-10-18 09:08:01 [http-nio-8080-exec-5] INFO  com.example.DKI.filter.LoggingFilter - Incoming Request: [Method: POST, URI: /stocks/create, Parameters: namaBarang=cincin, jumlahStok=100, nomorSeriBarang=SN123456, additionalInfo=merah, ]
2024-10-18 09:08:02 [http-nio-8080-exec-5] WARN  org.hibernate.engine.jdbc.spi.SqlExceptionHelper - SQL Error: 0, SQLState: 22P02
2024-10-18 09:08:02 [http-nio-8080-exec-5] ERROR org.hibernate.engine.jdbc.spi.SqlExceptionHelper - ERROR: invalid input syntax for type json
  Detail: Token "merah" is invalid.
  Where: JSON data, line 1: merah
2024-10-18 09:08:02 [http-nio-8080-exec-5] INFO  com.example.DKI.filter.LoggingFilter - Outgoing Response: [Status: 400, Body: {"status":"failed","message":"An error occurred while saving the stock.","data":null}]
2024-10-18 09:09:02 [http-nio-8080-exec-9] INFO  com.example.DKI.filter.LoggingFilter - Incoming Request: [Method: POST, URI: /auth/login, Parameters: username=admin, password=password, ]
2024-10-18 09:09:02 [http-nio-8080-exec-9] INFO  com.example.DKI.filter.LoggingFilter - Outgoing Response: [Status: 200, Body: {"status":"success","message":"Login successful","data":"eyJhbGciOiJIUzI1NiJ9.eyJzdWIiOiJhZG1pbiIsImlhdCI6MTcyOTIxNzM0MiwiZXhwIjoxNzI5MjUzMzQyfQ.DWMnFnejW1S9Djy9cg2XkUFb-jnnRnGXGvRdhdLGVsc"}]
2024-10-18 09:09:17 [http-nio-8080-exec-8] INFO  com.example.DKI.filter.LoggingFilter - Incoming Request: [Method: POST, URI: /stocks/create, Parameters: namaBarang=cincin, jumlahStok=100, nomorSeriBarang=SN123456, additionalInfo=merah, ]
2024-10-18 09:09:17 [http-nio-8080-exec-8] WARN  org.hibernate.engine.jdbc.spi.SqlExceptionHelper - SQL Error: 0, SQLState: 22P02
2024-10-18 09:09:17 [http-nio-8080-exec-8] ERROR org.hibernate.engine.jdbc.spi.SqlExceptionHelper - ERROR: invalid input syntax for type json
  Detail: Token "merah" is invalid.
  Where: JSON data, line 1: merah
2024-10-18 09:09:17 [http-nio-8080-exec-8] INFO  com.example.DKI.filter.LoggingFilter - Outgoing Response: [Status: 400, Body: {"status":"failed","message":"An error occurred while saving the stock.","data":null}]
2024-10-18 09:10:52 [http-nio-8080-exec-10] INFO  com.example.DKI.filter.LoggingFilter - Incoming Request: [Method: POST, URI: /stocks/create, Parameters: nama_barang=cincin, jumlah_stok=100, nomor_seri_barang=SN123456, additional_info=merah, ]
2024-10-18 09:10:52 [http-nio-8080-exec-10] INFO  com.example.DKI.filter.LoggingFilter - Outgoing Response: [Status: 400, Body: {"status":"failed","message":"Cannot invoke \"java.lang.Integer.intValue()\" because the return value of \"com.example.DKI.dto.RequestStockDTO.getJumlahStok()\" is null","data":null}]
2024-10-18 09:11:25 [http-nio-8080-exec-1] INFO  com.example.DKI.filter.LoggingFilter - Incoming Request: [Method: POST, URI: /stocks/create, Parameters: nama_barang=cincin, jumlah_stok=, nomor_seri_barang=SN123456, additional_info=merah, ]
2024-10-18 09:11:25 [http-nio-8080-exec-1] INFO  com.example.DKI.filter.LoggingFilter - Outgoing Response: [Status: 400, Body: {"status":"failed","message":"Cannot invoke \"java.lang.Integer.intValue()\" because the return value of \"com.example.DKI.dto.RequestStockDTO.getJumlahStok()\" is null","data":null}]
2024-10-18 09:12:52 [http-nio-8080-exec-3] INFO  com.example.DKI.filter.LoggingFilter - Incoming Request: [Method: POST, URI: /stocks/create, Parameters: nama_barang=cincin, jumlah_stok=5, nomor_seri_barang=a11, additional_info=g, gambar_barang=, ]
2024-10-18 09:12:52 [http-nio-8080-exec-3] INFO  com.example.DKI.filter.LoggingFilter - Outgoing Response: [Status: 400, Body: {"status":"failed","message":"Cannot invoke \"java.lang.Integer.intValue()\" because the return value of \"com.example.DKI.dto.RequestStockDTO.getJumlahStok()\" is null","data":null}]
2024-10-18 09:14:18 [http-nio-8080-exec-8] INFO  com.example.DKI.filter.LoggingFilter - Incoming Request: [Method: POST, URI: /stocks/create, Parameters: nama_barang=cincin, jumlah_stok=5, nomor_seri_barang=a11, additional_info=g, gambar_barang=, ]
2024-10-18 09:14:18 [http-nio-8080-exec-8] INFO  com.example.DKI.filter.LoggingFilter - Outgoing Response: [Status: 400, Body: {"status":"failed","message":"Cannot invoke \"java.lang.Integer.intValue()\" because the return value of \"com.example.DKI.dto.RequestStockDTO.getJumlahStok()\" is null","data":null}]
2024-10-18 09:15:28 [http-nio-8080-exec-10] INFO  com.example.DKI.filter.LoggingFilter - Incoming Request: [Method: POST, URI: /stocks/create, Parameters: ]
2024-10-18 09:15:28 [http-nio-8080-exec-10] INFO  com.example.DKI.filter.LoggingFilter - Outgoing Response: [Status: 400, Body: {"status":"failed","message":"Cannot invoke \"java.lang.Integer.intValue()\" because the return value of \"com.example.DKI.dto.RequestStockDTO.getJumlahStok()\" is null","data":null}]
2024-10-18 09:17:22 [http-nio-8080-exec-2] INFO  com.example.DKI.filter.LoggingFilter - Incoming Request: [Method: POST, URI: /stocks/create, Parameters: ]
2024-10-18 09:17:22 [http-nio-8080-exec-2] INFO  com.example.DKI.filter.LoggingFilter - Outgoing Response: [Status: 400, Body: {"status":"failed","message":"Cannot invoke \"java.lang.Integer.intValue()\" because the return value of \"com.example.DKI.dto.RequestStockDTO.getJumlahStok()\" is null","data":null}]
2024-10-18 09:19:15 [http-nio-8080-exec-3] INFO  com.example.DKI.filter.LoggingFilter - Incoming Request: [Method: POST, URI: /stocks/create, Parameters: ]
2024-10-18 09:19:15 [http-nio-8080-exec-3] INFO  com.example.DKI.filter.LoggingFilter - Outgoing Response: [Status: 400, Body: {"status":"failed","message":"Cannot invoke \"java.lang.Integer.intValue()\" because the return value of \"com.example.DKI.dto.RequestStockDTO.getJumlahStok()\" is null","data":null}]
2024-10-18 09:21:06 [http-nio-8080-exec-6] INFO  com.example.DKI.filter.LoggingFilter - Incoming Request: [Method: POST, URI: /stocks/create, Parameters: ]
2024-10-18 09:21:06 [http-nio-8080-exec-6] INFO  com.example.DKI.filter.LoggingFilter - Outgoing Response: [Status: 400, Body: {"status":"failed","message":"Cannot invoke \"java.lang.Integer.intValue()\" because the return value of \"com.example.DKI.dto.RequestStockDTO.getJumlahStok()\" is null","data":null}]
2024-10-18 09:22:36 [http-nio-8080-exec-8] INFO  com.example.DKI.filter.LoggingFilter - Incoming Request: [Method: POST, URI: /stocks/create, Parameters: nama_barang=cincin, jumlah_stok=5, nomor_seri_barang=a11, additional_info=g, gambar_barang=, ]
2024-10-18 09:22:36 [http-nio-8080-exec-8] INFO  com.example.DKI.filter.LoggingFilter - Outgoing Response: [Status: 400, Body: {"status":"failed","message":"Cannot invoke \"java.lang.Integer.intValue()\" because the return value of \"com.example.DKI.dto.RequestStockDTO.getJumlahStok()\" is null","data":null}]
2024-10-18 09:24:04 [http-nio-8080-exec-10] INFO  com.example.DKI.filter.LoggingFilter - Incoming Request: [Method: POST, URI: /stocks/create, Parameters: namaBarang=cincin, jumlahStok=5, nomorSeriBarang=a11, additionalInfo=g, gambarBarang=, ]
2024-10-18 09:24:04 [http-nio-8080-exec-10] WARN  org.springframework.web.servlet.mvc.support.DefaultHandlerExceptionResolver - Resolved [org.springframework.web.bind.MethodArgumentNotValidException: Validation failed for argument [0] in public org.springframework.http.ResponseEntity<com.example.DKI.dto.ApiResponse<java.lang.Object>> com.example.DKI.controller.StockController.createStock(com.example.DKI.dto.RequestStockDTO): [Field error in object 'requestStockDTO' on field 'gambarBarang': rejected value []; codes [typeMismatch.requestStockDTO.gambarBarang,typeMismatch.gambarBarang,typeMismatch.org.springframework.web.multipart.MultipartFile,typeMismatch]; arguments [org.springframework.context.support.DefaultMessageSourceResolvable: codes [requestStockDTO.gambarBarang,gambarBarang]; arguments []; default message [gambarBarang]]; default message [Failed to convert value of type 'java.lang.String' to required type 'org.springframework.web.multipart.MultipartFile'; Cannot convert value of type 'java.lang.String' to required type 'org.springframework.web.multipart.MultipartFile' for property 'gambarBarang': no matching editors or conversion strategy found]] ]
2024-10-18 09:24:04 [http-nio-8080-exec-10] INFO  com.example.DKI.filter.LoggingFilter - Outgoing Response: [Status: 400, Body: ]
2024-10-18 09:25:44 [http-nio-8080-exec-4] INFO  com.example.DKI.filter.LoggingFilter - Incoming Request: [Method: POST, URI: /stocks/create, Parameters: namaBarang=cincin, jumlahStok=5, nomorSeriBarang=a11, additionalInfo=g, ]
2024-10-18 09:25:44 [http-nio-8080-exec-4] WARN  org.hibernate.engine.jdbc.spi.SqlExceptionHelper - SQL Error: 0, SQLState: 22P02
2024-10-18 09:25:44 [http-nio-8080-exec-4] ERROR org.hibernate.engine.jdbc.spi.SqlExceptionHelper - ERROR: invalid input syntax for type json
  Detail: Token "g" is invalid.
  Where: JSON data, line 1: g
2024-10-18 09:25:44 [http-nio-8080-exec-4] INFO  com.example.DKI.filter.LoggingFilter - Outgoing Response: [Status: 400, Body: {"status":"failed","message":"An error occurred while saving the stock.","data":null}]
2024-10-18 09:26:56 [http-nio-8080-exec-5] INFO  com.example.DKI.filter.LoggingFilter - Incoming Request: [Method: POST, URI: /stocks/create, Parameters: namaBarang=cincin, jumlahStok=5, nomorSeriBarang=a11, ]
2024-10-18 09:26:56 [http-nio-8080-exec-5] INFO  com.example.DKI.filter.LoggingFilter - Outgoing Response: [Status: 200, Body: {"status":"success","message":"Stock created successfully","data":{"id":2,"namaBarang":"cincin","jumlahStok":5,"nomorSeriBarang":"a11","additionalInfo":null,"gambarBarang":null,"createdAt":"2024-10-18T09:26:56.4827644","createdBy":1,"updatedAt":null,"updatedBy":null}}]
2024-10-18 09:28:34 [http-nio-8080-exec-8] INFO  com.example.DKI.filter.LoggingFilter - Incoming Request: [Method: POST, URI: /stocks/create, Parameters: namaBarang=cincin2, jumlahStok=51, nomorSeriBarang=a112, additionalInfo= {"color":"g", "size":"large"}, ]
2024-10-18 09:28:34 [http-nio-8080-exec-8] INFO  com.example.DKI.filter.LoggingFilter - Outgoing Response: [Status: 200, Body: {"status":"success","message":"Stock created successfully","data":{"id":3,"namaBarang":"cincin2","jumlahStok":51,"nomorSeriBarang":"a112","additionalInfo":{"color":"g","size":"large"},"gambarBarang":null,"createdAt":"2024-10-18T09:28:34.6556735","createdBy":1,"updatedAt":null,"updatedBy":null}}]
2024-10-18 09:28:42 [http-nio-8080-exec-7] INFO  com.example.DKI.filter.LoggingFilter - Incoming Request: [Method: POST, URI: /stocks/create, Parameters: namaBarang=cincin2, jumlahStok=51, nomorSeriBarang=a112, additionalInfo= {"color":"g", "size":"large"}, gambarBarang=path/to/image1.jpg, ]
2024-10-18 09:28:42 [http-nio-8080-exec-7] WARN  org.springframework.web.servlet.mvc.support.DefaultHandlerExceptionResolver - Resolved [org.springframework.web.bind.MethodArgumentNotValidException: Validation failed for argument [0] in public org.springframework.http.ResponseEntity<com.example.DKI.dto.ApiResponse<java.lang.Object>> com.example.DKI.controller.StockController.createStock(com.example.DKI.dto.RequestStockDTO): [Field error in object 'requestStockDTO' on field 'gambarBarang': rejected value [path/to/image1.jpg]; codes [typeMismatch.requestStockDTO.gambarBarang,typeMismatch.gambarBarang,typeMismatch.org.springframework.web.multipart.MultipartFile,typeMismatch]; arguments [org.springframework.context.support.DefaultMessageSourceResolvable: codes [requestStockDTO.gambarBarang,gambarBarang]; arguments []; default message [gambarBarang]]; default message [Failed to convert value of type 'java.lang.String' to required type 'org.springframework.web.multipart.MultipartFile'; Cannot convert value of type 'java.lang.String' to required type 'org.springframework.web.multipart.MultipartFile' for property 'gambarBarang': no matching editors or conversion strategy found]] ]
2024-10-18 09:28:42 [http-nio-8080-exec-7] INFO  com.example.DKI.filter.LoggingFilter - Outgoing Response: [Status: 400, Body: ]
2024-10-18 09:28:48 [http-nio-8080-exec-10] INFO  com.example.DKI.filter.LoggingFilter - Incoming Request: [Method: POST, URI: /stocks/create, Parameters: namaBarang=cincin21, jumlahStok=511, nomorSeriBarang=a1121, additionalInfo= {"color":"g", "size":"large"}, gambarBarang=path/to/image1.jpg, ]
2024-10-18 09:28:48 [http-nio-8080-exec-10] WARN  org.springframework.web.servlet.mvc.support.DefaultHandlerExceptionResolver - Resolved [org.springframework.web.bind.MethodArgumentNotValidException: Validation failed for argument [0] in public org.springframework.http.ResponseEntity<com.example.DKI.dto.ApiResponse<java.lang.Object>> com.example.DKI.controller.StockController.createStock(com.example.DKI.dto.RequestStockDTO): [Field error in object 'requestStockDTO' on field 'gambarBarang': rejected value [path/to/image1.jpg]; codes [typeMismatch.requestStockDTO.gambarBarang,typeMismatch.gambarBarang,typeMismatch.org.springframework.web.multipart.MultipartFile,typeMismatch]; arguments [org.springframework.context.support.DefaultMessageSourceResolvable: codes [requestStockDTO.gambarBarang,gambarBarang]; arguments []; default message [gambarBarang]]; default message [Failed to convert value of type 'java.lang.String' to required type 'org.springframework.web.multipart.MultipartFile'; Cannot convert value of type 'java.lang.String' to required type 'org.springframework.web.multipart.MultipartFile' for property 'gambarBarang': no matching editors or conversion strategy found]] ]
2024-10-18 09:28:48 [http-nio-8080-exec-10] INFO  com.example.DKI.filter.LoggingFilter - Outgoing Response: [Status: 400, Body: ]
2024-10-18 09:30:16 [http-nio-8080-exec-4] INFO  com.example.DKI.filter.LoggingFilter - Incoming Request: [Method: POST, URI: /stocks/create, Parameters: namaBarang=kalung, jumlahStok=100, nomorSeriBarang=SN123456, additionalInfo=merah, ]
2024-10-18 09:30:16 [http-nio-8080-exec-4] WARN  org.hibernate.engine.jdbc.spi.SqlExceptionHelper - SQL Error: 0, SQLState: 22P02
2024-10-18 09:30:16 [http-nio-8080-exec-4] ERROR org.hibernate.engine.jdbc.spi.SqlExceptionHelper - ERROR: invalid input syntax for type json
  Detail: Token "merah" is invalid.
  Where: JSON data, line 1: merah
2024-10-18 09:30:16 [http-nio-8080-exec-4] INFO  com.example.DKI.filter.LoggingFilter - Outgoing Response: [Status: 400, Body: {"status":"failed","message":"An error occurred while saving the stock.","data":null}]
2024-10-18 09:31:12 [http-nio-8080-exec-6] INFO  com.example.DKI.filter.LoggingFilter - Incoming Request: [Method: GET, URI: /stocks/list, Parameters: ]
2024-10-18 09:31:12 [http-nio-8080-exec-6] INFO  com.example.DKI.filter.LoggingFilter - Outgoing Response: [Status: 200, Body: {"status":"success","message":"Stocks retrieved successfully","data":[{"id":2,"namaBarang":"cincin","jumlahStok":5,"nomorSeriBarang":"a11","additionalInfo":null,"gambarBarang":null,"createdAt":"2024-10-18T09:26:56.482764","createdBy":1,"updatedAt":null,"updatedBy":null},{"id":3,"namaBarang":"cincin2","jumlahStok":51,"nomorSeriBarang":"a112","additionalInfo":{"size":"large","color":"g"},"gambarBarang":null,"createdAt":"2024-10-18T09:28:34.655674","createdBy":1,"updatedAt":null,"updatedBy":null}]}]
2024-10-18 09:32:00 [http-nio-8080-exec-9] INFO  com.example.DKI.filter.LoggingFilter - Incoming Request: [Method: PUT, URI: /stocks/update/, Parameters: ]
2024-10-18 09:32:00 [http-nio-8080-exec-9] INFO  com.example.DKI.filter.LoggingFilter - Outgoing Response: [Status: 404, Body: ]
2024-10-18 09:32:09 [http-nio-8080-exec-8] INFO  com.example.DKI.filter.LoggingFilter - Incoming Request: [Method: PUT, URI: /stocks/update/3, Parameters: ]
2024-10-18 09:32:09 [http-nio-8080-exec-8] INFO  com.example.DKI.filter.LoggingFilter - Outgoing Response: [Status: 400, Body: {"status":"failed","message":"Cannot invoke \"java.lang.Integer.intValue()\" because the return value of \"com.example.DKI.dto.RequestStockDTO.getJumlahStok()\" is null","data":null}]
2024-10-18 09:33:43 [http-nio-8080-exec-7] INFO  com.example.DKI.filter.LoggingFilter - Incoming Request: [Method: POST, URI: /stocks/create, Parameters: namaBarang=kalung, jumlahStok=100, nomorSeriBarang=SN123456, additionalInfo=merah, ]
2024-10-18 09:33:43 [http-nio-8080-exec-7] WARN  org.hibernate.engine.jdbc.spi.SqlExceptionHelper - SQL Error: 0, SQLState: 22P02
2024-10-18 09:33:43 [http-nio-8080-exec-7] ERROR org.hibernate.engine.jdbc.spi.SqlExceptionHelper - ERROR: invalid input syntax for type json
  Detail: Token "merah" is invalid.
  Where: JSON data, line 1: merah
2024-10-18 09:33:43 [http-nio-8080-exec-7] INFO  com.example.DKI.filter.LoggingFilter - Outgoing Response: [Status: 400, Body: {"status":"failed","message":"An error occurred while saving the stock.","data":null}]
2024-10-18 09:33:50 [http-nio-8080-exec-2] INFO  com.example.DKI.filter.LoggingFilter - Incoming Request: [Method: POST, URI: /stocks/create, Parameters: namaBarang=cincin21, jumlahStok=511, nomorSeriBarang=a1121, additionalInfo= {"color":"g", "size":"large"}, gambarBarang=, ]
2024-10-18 09:33:50 [http-nio-8080-exec-2] WARN  org.springframework.web.servlet.mvc.support.DefaultHandlerExceptionResolver - Resolved [org.springframework.web.bind.MethodArgumentNotValidException: Validation failed for argument [0] in public org.springframework.http.ResponseEntity<com.example.DKI.dto.ApiResponse<java.lang.Object>> com.example.DKI.controller.StockController.createStock(com.example.DKI.dto.RequestStockDTO): [Field error in object 'requestStockDTO' on field 'gambarBarang': rejected value []; codes [typeMismatch.requestStockDTO.gambarBarang,typeMismatch.gambarBarang,typeMismatch.org.springframework.web.multipart.MultipartFile,typeMismatch]; arguments [org.springframework.context.support.DefaultMessageSourceResolvable: codes [requestStockDTO.gambarBarang,gambarBarang]; arguments []; default message [gambarBarang]]; default message [Failed to convert value of type 'java.lang.String' to required type 'org.springframework.web.multipart.MultipartFile'; Cannot convert value of type 'java.lang.String' to required type 'org.springframework.web.multipart.MultipartFile' for property 'gambarBarang': no matching editors or conversion strategy found]] ]
2024-10-18 09:33:50 [http-nio-8080-exec-2] INFO  com.example.DKI.filter.LoggingFilter - Outgoing Response: [Status: 400, Body: ]
2024-10-18 09:34:05 [http-nio-8080-exec-4] INFO  com.example.DKI.filter.LoggingFilter - Incoming Request: [Method: POST, URI: /stocks/create, Parameters: namaBarang=kalung, jumlahStok=511, nomorSeriBarang=a1121k, additionalInfo= {"color":"g", "size":"large"}, ]
2024-10-18 09:34:05 [http-nio-8080-exec-4] INFO  com.example.DKI.filter.LoggingFilter - Outgoing Response: [Status: 200, Body: {"status":"success","message":"Stock created successfully","data":{"id":4,"namaBarang":"kalung","jumlahStok":511,"nomorSeriBarang":"a1121k","additionalInfo":{"color":"g","size":"large"},"gambarBarang":null,"createdAt":"2024-10-18T09:34:05.1550879","createdBy":1,"updatedAt":null,"updatedBy":null}}]
2024-10-18 09:34:48 [http-nio-8080-exec-3] INFO  com.example.DKI.filter.LoggingFilter - Incoming Request: [Method: PUT, URI: /stocks/update/4, Parameters: namaBarang=kalung, jumlahStok=500, nomorSeriBarang=a1121k1, additionalInfo= {"color":"g", "size":"large"}, ]
2024-10-18 09:34:48 [http-nio-8080-exec-3] INFO  com.example.DKI.filter.LoggingFilter - Outgoing Response: [Status: 200, Body: {"status":"success","message":"Stock updated successfully","data":{"id":4,"namaBarang":"kalung","jumlahStok":500,"nomorSeriBarang":"a1121k1","additionalInfo":{"color":"g","size":"large"},"gambarBarang":null,"createdAt":"2024-10-18T09:34:05.155088","createdBy":1,"updatedAt":"2024-10-18T09:34:48.462632","updatedBy":1}}]
2024-10-18 09:35:44 [http-nio-8080-exec-6] INFO  com.example.DKI.filter.LoggingFilter - Incoming Request: [Method: GET, URI: /stocks/detail/4, Parameters: ]
2024-10-18 09:35:44 [http-nio-8080-exec-6] INFO  com.example.DKI.filter.LoggingFilter - Outgoing Response: [Status: 200, Body: {"status":"success","message":"Stock retrieved successfully","data":{"id":4,"namaBarang":"kalung","jumlahStok":500,"nomorSeriBarang":"a1121k1","additionalInfo":{"size":"large","color":"g"},"gambarBarang":null,"createdAt":"2024-10-18T09:34:05.155088","createdBy":1,"updatedAt":"2024-10-18T09:34:48.462632","updatedBy":1}}]
2024-10-18 09:36:01 [http-nio-8080-exec-9] INFO  com.example.DKI.filter.LoggingFilter - Incoming Request: [Method: DELETE, URI: /stocks/delete/2, Parameters: ]
2024-10-18 09:36:01 [http-nio-8080-exec-9] INFO  com.example.DKI.filter.LoggingFilter - Outgoing Response: [Status: 200, Body: {"status":"success","message":"Stock deleted successfully","data":null}]
2024-10-18 09:36:08 [http-nio-8080-exec-8] INFO  com.example.DKI.filter.LoggingFilter - Incoming Request: [Method: GET, URI: /stocks/list, Parameters: ]
2024-10-18 09:36:08 [http-nio-8080-exec-8] INFO  com.example.DKI.filter.LoggingFilter - Outgoing Response: [Status: 200, Body: {"status":"success","message":"Stocks retrieved successfully","data":[{"id":3,"namaBarang":"cincin2","jumlahStok":51,"nomorSeriBarang":"a112","additionalInfo":{"size":"large","color":"g"},"gambarBarang":null,"createdAt":"2024-10-18T09:28:34.655674","createdBy":1,"updatedAt":null,"updatedBy":null},{"id":4,"namaBarang":"kalung","jumlahStok":500,"nomorSeriBarang":"a1121k1","additionalInfo":{"size":"large","color":"g"},"gambarBarang":null,"createdAt":"2024-10-18T09:34:05.155088","createdBy":1,"updatedAt":"2024-10-18T09:34:48.462632","updatedBy":1}]}]
2024-10-18 09:37:00 [SpringApplicationShutdownHook] INFO  org.springframework.orm.jpa.LocalContainerEntityManagerFactoryBean - Closing JPA EntityManagerFactory for persistence unit 'default'
2024-10-18 09:37:00 [SpringApplicationShutdownHook] INFO  com.zaxxer.hikari.HikariDataSource - HikariPool-1 - Shutdown initiated...
2024-10-18 09:37:00 [SpringApplicationShutdownHook] INFO  com.zaxxer.hikari.HikariDataSource - HikariPool-1 - Shutdown completed.
